<?xml version="1.0" encoding="UTF-8" standalone="yes"?>
<testsuite name="org.pantsbuild.ErrorTest" errors="1" failures="0" skipped="0" tests="1" time="0.32">
  <properties/>
  <testcase classname="org.pantsbuild.ErrorTest" name="testError" time="0.31415">
    <error type="java.lang.RuntimeException">java.lang.RuntimeException
      at org.pantsbuild.ErrorTest.testError(ErrorTest.java:29)
      at sun.reflect.NativeMethodAccessorImpl.invoke0(Native Method)
      at sun.reflect.NativeMethodAccessorImpl.invoke(NativeMethodAccessorImpl.java:62)
      at sun.reflect.DelegatingMethodAccessorImpl.invoke(DelegatingMethodAccessorImpl.java:43)
      at java.lang.reflect.Method.invoke(Method.java:498)
      at org.junit.runners.model.FrameworkMethod$1.runReflectiveCall(FrameworkMethod.java:50)
      at org.junit.internal.runners.model.ReflectiveCallable.run(ReflectiveCallable.java:12)
      at org.junit.runners.model.FrameworkMethod.invokeExplosively(FrameworkMethod.java:47)
      at org.junit.internal.runners.statements.InvokeMethod.evaluate(InvokeMethod.java:17)
      at __shaded_by_pants__.org.pantsbuild.tools.junit.withretry.BlockJUnit4ClassRunnerWithRetry$InvokeWithRetry.evaluate(BlockJUnit4ClassRunnerWithRetry.java:57)
      at org.junit.runners.ParentRunner.runLeaf(ParentRunner.java:325)
      at org.junit.runners.BlockJUnit4ClassRunner.runChild(BlockJUnit4ClassRunner.java:78)
      at org.junit.runners.BlockJUnit4ClassRunner.runChild(BlockJUnit4ClassRunner.java:57)
      at org.junit.runners.ParentRunner$3.run(ParentRunner.java:290)
      at org.junit.runners.ParentRunner$1.schedule(ParentRunner.java:71)
      at org.junit.runners.ParentRunner.runChildren(ParentRunner.java:288)
      at org.junit.runners.ParentRunner.access$000(ParentRunner.java:58)
      at org.junit.runners.ParentRunner$2.evaluate(ParentRunner.java:268)
      at org.junit.runners.ParentRunner.run(ParentRunner.java:363)
      at __shaded_by_pants__.org.pantsbuild.tools.junit.impl.CompositeRequestRunner.runChild(CompositeRequestRunner.java:66)
      at __shaded_by_pants__.org.pantsbuild.tools.junit.impl.ConcurrentCompositeRequestRunner$1$1.run(ConcurrentCompositeRequestRunner.java:37)
      at __shaded_by_pants__.org.pantsbuild.tools.junit.impl.ConcurrentRunnerScheduler.finished(ConcurrentRunnerScheduler.java:95)
      at __shaded_by_pants__.org.pantsbuild.tools.junit.impl.ConcurrentCompositeRequestRunner$1.evaluate(ConcurrentCompositeRequestRunner.java:46)
      at org.junit.runners.ParentRunner.run(ParentRunner.java:363)
      at org.junit.runner.JUnitCore.run(JUnitCore.java:137)
      at __shaded_by_pants__.org.pantsbuild.tools.junit.impl.ConsoleRunnerImpl.runLegacy(ConsoleRunnerImpl.java:484)
      at __shaded_by_pants__.org.pantsbuild.tools.junit.impl.ConsoleRunnerImpl.run(ConsoleRunnerImpl.java:426)
      at __shaded_by_pants__.org.pantsbuild.tools.junit.impl.ConsoleRunnerImpl.main(ConsoleRunnerImpl.java:789)
      at org.pantsbuild.tools.junit.ConsoleRunner.main(ConsoleRunner.java:12)
    </error>
  </testcase>
  <system-out></system-out>
  <system-err></system-err>
</testsuite>
